2023-04-06 17:31:41,910 [INFO] Activator:179 - 


2023-04-06 17:31:41,914 [INFO] Activator:180 - !SESSION log4j initialized
2023-04-06 17:31:54,215 [ERROR] ConfigurationRetriever:140 - IOException on connection: citools.st.com
2023-04-06 17:31:54,219 [ERROR] ConfigurationRetriever:140 - IOException on connection: citools.st.com
2023-04-06 17:31:54,219 [ERROR] ConfigurationRetriever:140 - IOException on connection: citools.st.com
2023-04-06 17:32:02,556 [ERROR] ConfigurationRetriever:140 - IOException on connection: citools.st.com
2023-04-06 17:32:02,556 [ERROR] ConfigurationRetriever:140 - IOException on connection: citools.st.com
2023-04-06 17:32:02,560 [ERROR] ConfigurationRetriever:140 - IOException on connection: citools.st.com
2023-04-06 17:32:14,435 [ERROR] LogOutputStream:74 - [STDERR_REDIRECT] SLF4J: Failed to load class "org.slf4j.impl.StaticLoggerBinder".
2023-04-06 17:32:14,435 [ERROR] LogOutputStream:74 - [STDERR_REDIRECT] SLF4J: Defaulting to no-operation (NOP) logger implementation
2023-04-06 17:32:14,439 [ERROR] LogOutputStream:74 - [STDERR_REDIRECT] SLF4J: See http://www.slf4j.org/codes.html#StaticLoggerBinder for further details.
2023-04-06 17:51:10,998 [INFO] McuFinderGlobals:52 - Set McuFinder mode to 2 (CubeIDE integrated)
2023-04-06 17:51:12,642 [INFO] ApplicationProperties:181 - Using Application install path: C:\Program Files (x86)\STM32CubeIDE_1.11.2\STM32CubeIDE\plugins\com.st.stm32cube.common.mx_6.7.0.202301130839
2023-04-06 17:51:12,662 [INFO] DbMcusXml:77 - Set database path to: C:\Program Files (x86)\STM32CubeIDE_1.11.2\STM32CubeIDE\plugins\com.st.stm32cube.common.mx_6.7.0.202301130839\\db\/mcu/
2023-04-06 17:51:12,662 [INFO] ApiDb:273 - Set plugin database path to: C:\Program Files (x86)\STM32CubeIDE_1.11.2\STM32CubeIDE\plugins\com.st.stm32cube.common.mx_6.7.0.202301130839\\db\/plugins/boardmanager/
2023-04-06 17:51:12,666 [WARN] ApiDb:258 - Overriding images path with different value:  => C:\Program Files (x86)\STM32CubeIDE_1.11.2\STM32CubeIDE\plugins\com.st.stm32cube.common.mx_6.7.0.202301130839\\db\/plugins/mcufinder/images/
2023-04-06 17:51:12,674 [INFO] ApiDb:249 - Set database path to: C:\Users\Elyes\.stmcufinder\plugins\mcufinder//mcu/
2023-04-06 17:51:12,674 [INFO] DbMcusAds:124 - Set database path to: C:\Users\Elyes\.stmcufinder\plugins\mcufinder//mcu/
2023-04-06 17:51:12,890 [INFO] CrossReferenceDbSqlite:202 - Set database path to: C:\Users\Elyes\.stmcufinder\plugins\mcufinder//mcu/cs/
2023-04-06 17:51:13,095 [INFO] RulesReader:61 - Compatibility file has been processed (283 Rules)
2023-04-06 17:51:13,174 [INFO] DbMcusXml:77 - Set database path to: C:\Program Files (x86)\STM32CubeIDE_1.11.2\STM32CubeIDE\plugins\com.st.stm32cube.common.mx_6.7.0.202301130839\\db\/mcu/
2023-04-06 17:51:13,174 [INFO] ApiDb:273 - Set plugin database path to: C:\Program Files (x86)\STM32CubeIDE_1.11.2\STM32CubeIDE\plugins\com.st.stm32cube.common.mx_6.7.0.202301130839\\db\/plugins/boardmanager/
2023-04-06 17:51:13,174 [INFO] ApiDb:260 - Set plugin images path to: C:\Program Files (x86)\STM32CubeIDE_1.11.2\STM32CubeIDE\plugins\com.st.stm32cube.common.mx_6.7.0.202301130839\\db\/plugins/mcufinder/images/
2023-04-06 17:51:13,174 [WARN] DbFile:40 - Overriding database path with different value: C:\Users\Elyes\.stmcufinder\plugins\mcufinder/ => C:\Users\Elyes\.stmcufinder\plugins\mcufinder
2023-04-06 17:51:13,174 [INFO] ApiDb:249 - Set database path to: C:\Users\Elyes\.stmcufinder\plugins\mcufinder//mcu/
2023-04-06 17:51:13,174 [WARN] DbFile:40 - Overriding database path with different value: C:\Users\Elyes\.stmcufinder\plugins\mcufinder/ => C:\Users\Elyes\.stmcufinder\plugins\mcufinder
2023-04-06 17:51:13,174 [INFO] DbMcusAds:124 - Set database path to: C:\Users\Elyes\.stmcufinder\plugins\mcufinder//mcu/
2023-04-06 17:51:13,174 [WARN] DbFile:40 - Overriding database path with different value: C:\Users\Elyes\.stmcufinder\plugins\mcufinder/ => C:\Users\Elyes\.stmcufinder\plugins\mcufinder
2023-04-06 17:51:13,178 [WARN] DbFile:40 - Overriding database path with different value: C:\Users\Elyes\.stmcufinder\plugins\mcufinder/ => C:\Users\Elyes\.stmcufinder\plugins\mcufinder
2023-04-06 17:51:13,178 [INFO] CrossReferenceDbSqlite:202 - Set database path to: C:\Users\Elyes\.stmcufinder\plugins\mcufinder//mcu/cs/
2023-04-06 17:51:13,258 [INFO] MainPanel:252 - HeapMemory: 536870912
2023-04-06 17:51:13,342 [INFO] DbMcusXml:77 - Set database path to: C:\Program Files (x86)\STM32CubeIDE_1.11.2\STM32CubeIDE\plugins\com.st.stm32cube.common.mx_6.7.0.202301130839\\db\/mcu/
2023-04-06 17:51:13,342 [INFO] ApiDb:273 - Set plugin database path to: C:\Program Files (x86)\STM32CubeIDE_1.11.2\STM32CubeIDE\plugins\com.st.stm32cube.common.mx_6.7.0.202301130839\\db\/plugins/boardmanager/
2023-04-06 17:51:13,342 [INFO] ApiDb:260 - Set plugin images path to: C:\Program Files (x86)\STM32CubeIDE_1.11.2\STM32CubeIDE\plugins\com.st.stm32cube.common.mx_6.7.0.202301130839\\db\/plugins/mcufinder/images/
2023-04-06 17:51:13,342 [WARN] DbFile:40 - Overriding database path with different value: C:\Users\Elyes\.stmcufinder\plugins\mcufinder/ => C:\Users\Elyes\.stmcufinder\plugins\mcufinder
2023-04-06 17:51:13,346 [INFO] ApiDb:249 - Set database path to: C:\Users\Elyes\.stmcufinder\plugins\mcufinder//mcu/
2023-04-06 17:51:13,346 [WARN] DbFile:40 - Overriding database path with different value: C:\Users\Elyes\.stmcufinder\plugins\mcufinder/ => C:\Users\Elyes\.stmcufinder\plugins\mcufinder
2023-04-06 17:51:13,346 [INFO] DbMcusAds:124 - Set database path to: C:\Users\Elyes\.stmcufinder\plugins\mcufinder//mcu/
2023-04-06 17:51:13,346 [WARN] DbFile:40 - Overriding database path with different value: C:\Users\Elyes\.stmcufinder\plugins\mcufinder/ => C:\Users\Elyes\.stmcufinder\plugins\mcufinder
2023-04-06 17:51:13,346 [WARN] DbFile:40 - Overriding database path with different value: C:\Users\Elyes\.stmcufinder\plugins\mcufinder/ => C:\Users\Elyes\.stmcufinder\plugins\mcufinder
2023-04-06 17:51:13,346 [INFO] CrossReferenceDbSqlite:202 - Set database path to: C:\Users\Elyes\.stmcufinder\plugins\mcufinder//mcu/cs/
2023-04-06 17:51:13,362 [INFO] ApplicationProperties:181 - Using Application install path: C:\Program Files (x86)\STM32CubeIDE_1.11.2\STM32CubeIDE\plugins\com.st.stm32cube.common.mx_6.7.0.202301130839
2023-04-06 17:51:13,362 [INFO] PluginManage:193 - Search for loadable plugins [exclusion list=, ]
2023-04-06 17:51:13,362 [INFO] PluginManage:307 - Check plugin analytics
2023-04-06 17:51:22,598 [INFO] AnalyticsPlugin:262 - Accepted Software Licenses: 
2023-04-06 17:51:22,598 [INFO] AnalyticsPlugin:264 - Accepted CMSIS Pack Licenses: 
2023-04-06 17:51:22,598 [INFO] AnalyticsPlugin:266 - Accepted Firmware Licenses: FW.F4.1.27.0
2023-04-06 17:51:22,602 [INFO] PluginManage:356 - Loaded plugin analytics (category:tool,tabindex:-1)
2023-04-06 17:51:22,602 [INFO] PluginManage:307 - Check plugin cadmodel
2023-04-06 17:51:22,614 [INFO] CADModel:104 - Init CAD model plugin
2023-04-06 17:51:22,614 [INFO] PluginManage:356 - Loaded plugin cadmodel (category:power,tabindex:5)
2023-04-06 17:51:22,614 [INFO] PluginManage:307 - Check plugin clock
2023-04-06 17:51:22,630 [INFO] PluginManage:356 - Loaded plugin clock (category:base,tabindex:2)
2023-04-06 17:51:22,630 [INFO] PluginManage:307 - Check plugin ddr
2023-04-06 17:51:22,634 [INFO] PluginManage:356 - Loaded plugin ddr (category:tool,tabindex:6)
2023-04-06 17:51:22,634 [INFO] PluginManage:307 - Check plugin filemanager
2023-04-06 17:51:22,786 [INFO] PluginManage:356 - Loaded plugin filemanager (category:base,tabindex:10)
2023-04-06 17:51:22,786 [INFO] PluginManage:307 - Check plugin ipmanager
2023-04-06 17:51:22,794 [INFO] PluginManage:356 - Loaded plugin ipmanager (category:base,tabindex:5)
2023-04-06 17:51:22,794 [INFO] PluginManage:307 - Check plugin lpbam
2023-04-06 17:51:22,822 [INFO] PluginManage:356 - Loaded plugin lpbam (category:base,tabindex:0)
2023-04-06 17:51:22,822 [INFO] PluginManage:307 - Check plugin pinoutandconfiguration
2023-04-06 17:51:22,838 [INFO] PluginManage:356 - Loaded plugin pinoutandconfiguration (category:base,tabindex:1)
2023-04-06 17:51:22,838 [INFO] PluginManage:307 - Check plugin pinoutconfig
2023-04-06 17:51:22,882 [INFO] PluginManage:356 - Loaded plugin pinoutconfig (category:base,tabindex:0)
2023-04-06 17:51:22,882 [INFO] PluginManage:307 - Check plugin power
2023-04-06 17:51:22,898 [INFO] PluginManage:356 - Loaded plugin power (category:power,tabindex:4)
2023-04-06 17:51:22,898 [INFO] PluginManage:307 - Check plugin projectmanager
2023-04-06 17:51:22,926 [INFO] PluginManage:356 - Loaded plugin projectmanager (category:projectmanager,tabindex:3)
2023-04-06 17:51:22,926 [INFO] PluginManage:307 - Check plugin thirdparty
2023-04-06 17:51:23,146 [INFO] PluginManage:356 - Loaded plugin thirdparty (category:base,tabindex:-1)
2023-04-06 17:51:23,146 [INFO] PluginManage:307 - Check plugin tools
2023-04-06 17:51:23,146 [WARN] IntegrityCheckThread:82 - waiting for thirdparty lock release [integrity check]
2023-04-06 17:51:23,146 [INFO] IntegrityCheckThread:84 - entering critical section [integrity check]
2023-04-06 17:51:23,150 [INFO] ThirdPartyUpdaterWithRetryManager:70 - Updater plugin not ready yet. [1/15]
2023-04-06 17:51:23,166 [INFO] PluginManage:356 - Loaded plugin tools (category:base,tabindex:7)
2023-04-06 17:51:23,166 [INFO] PluginManage:307 - Check plugin tutovideos
2023-04-06 17:51:23,369 [INFO] PluginManage:356 - Loaded plugin tutovideos (category:base,tabindex:-1)
2023-04-06 17:51:23,373 [INFO] PluginManage:307 - Check plugin updater
2023-04-06 17:51:23,405 [INFO] PluginManage:356 - Loaded plugin updater (category:base,tabindex:12)
2023-04-06 17:51:23,405 [INFO] PluginManage:280 - PluginManage : Loaded plugins [15]
2023-04-06 17:51:23,765 [INFO] PinOutPanel:1477 - setPackage(No Configuration,No Configuration)
2023-04-06 17:51:23,837 [INFO] CADModel:164 - CPN selected for project level
2023-04-06 17:51:23,837 [INFO] CADModel:113 - Register for checkConnection events
2023-04-06 17:51:23,857 [INFO] IPUIPlugin:79 - create IPUIPlugin
2023-04-06 17:51:23,857 [INFO] PluginManager:219 - loadIPPluginJar : add adc
2023-04-06 17:51:23,881 [INFO] IPUIPlugin:79 - create IPUIPlugin
2023-04-06 17:51:23,881 [INFO] PluginManager:219 - loadIPPluginJar : add aes
2023-04-06 17:51:23,905 [INFO] IPUIPlugin:79 - create IPUIPlugin
2023-04-06 17:51:23,905 [INFO] PluginManager:219 - loadIPPluginJar : add can
2023-04-06 17:51:23,921 [INFO] IPUIPlugin:79 - create IPUIPlugin
2023-04-06 17:51:23,921 [INFO] PluginManager:219 - loadIPPluginJar : add comp
2023-04-06 17:51:23,941 [INFO] IPUIPlugin:79 - create IPUIPlugin
2023-04-06 17:51:23,941 [INFO] PluginManager:219 - loadIPPluginJar : add cryp
2023-04-06 17:51:23,957 [INFO] IPUIPlugin:79 - create IPUIPlugin
2023-04-06 17:51:23,957 [INFO] PluginManager:219 - loadIPPluginJar : add dfsdm
2023-04-06 17:51:23,969 [INFO] IPUIPlugin:79 - create IPUIPlugin
2023-04-06 17:51:23,969 [INFO] PluginManager:219 - loadIPPluginJar : add dma
2023-04-06 17:51:23,997 [INFO] IPUIPlugin:79 - create IPUIPlugin
2023-04-06 17:51:23,997 [INFO] PluginManager:219 - loadIPPluginJar : add dma3
2023-04-06 17:51:24,009 [INFO] IPUIPlugin:79 - create IPUIPlugin
2023-04-06 17:51:24,009 [INFO] PluginManager:219 - loadIPPluginJar : add fatfs
2023-04-06 17:51:24,037 [INFO] IPUIPlugin:79 - create IPUIPlugin
2023-04-06 17:51:24,037 [INFO] PluginManager:219 - loadIPPluginJar : add fmc
2023-04-06 17:51:24,049 [INFO] IPUIPlugin:79 - create IPUIPlugin
2023-04-06 17:51:24,049 [INFO] PluginManager:219 - loadIPPluginJar : add freertos
2023-04-06 17:51:24,061 [INFO] IPUIPlugin:79 - create IPUIPlugin
2023-04-06 17:51:24,065 [INFO] PluginManager:219 - loadIPPluginJar : add genericplugin
2023-04-06 17:51:24,113 [INFO] IPUIPlugin:79 - create IPUIPlugin
2023-04-06 17:51:24,113 [INFO] PluginManager:219 - loadIPPluginJar : add gfxmmu
2023-04-06 17:51:24,193 [INFO] IPUIPlugin:79 - create IPUIPlugin
2023-04-06 17:51:24,193 [INFO] PluginManager:219 - loadIPPluginJar : add gic
2023-04-06 17:51:24,205 [INFO] IPUIPlugin:79 - create IPUIPlugin
2023-04-06 17:51:24,205 [INFO] PluginManager:219 - loadIPPluginJar : add gpio
2023-04-06 17:51:24,257 [INFO] IPUIPlugin:79 - create IPUIPlugin
2023-04-06 17:51:24,257 [INFO] PluginManager:219 - loadIPPluginJar : add gtzc
2023-04-06 17:51:24,277 [INFO] IPUIPlugin:79 - create IPUIPlugin
2023-04-06 17:51:24,277 [INFO] PluginManager:219 - loadIPPluginJar : add hash
2023-04-06 17:51:24,305 [INFO] IPUIPlugin:79 - create IPUIPlugin
2023-04-06 17:51:24,305 [INFO] PluginManager:219 - loadIPPluginJar : add i2c
2023-04-06 17:51:24,329 [INFO] IPUIPlugin:79 - create IPUIPlugin
2023-04-06 17:51:24,329 [INFO] PluginManager:219 - loadIPPluginJar : add i2s
2023-04-06 17:51:24,393 [INFO] IPUIPlugin:79 - create IPUIPlugin
2023-04-06 17:51:24,393 [INFO] PluginManager:219 - loadIPPluginJar : add ipddr
2023-04-06 17:51:24,445 [INFO] IPUIPlugin:79 - create IPUIPlugin
2023-04-06 17:51:24,445 [INFO] PluginManager:219 - loadIPPluginJar : add linkedlist
2023-04-06 17:51:24,465 [INFO] IPUIPlugin:79 - create IPUIPlugin
2023-04-06 17:51:24,465 [INFO] PluginManager:219 - loadIPPluginJar : add lorawan
2023-04-06 17:51:24,485 [INFO] IPUIPlugin:79 - create IPUIPlugin
2023-04-06 17:51:24,485 [INFO] PluginManager:219 - loadIPPluginJar : add ltdc
2023-04-06 17:51:24,496 [INFO] IPUIPlugin:79 - create IPUIPlugin
2023-04-06 17:51:24,496 [INFO] PluginManager:219 - loadIPPluginJar : add mdma
2023-04-06 17:51:24,504 [INFO] IPUIPlugin:79 - create IPUIPlugin
2023-04-06 17:51:24,504 [INFO] PluginManager:219 - loadIPPluginJar : add nvic
2023-04-06 17:51:24,525 [INFO] IPUIPlugin:79 - create IPUIPlugin
2023-04-06 17:51:24,525 [INFO] PluginManager:219 - loadIPPluginJar : add opamp
2023-04-06 17:51:24,560 [INFO] IPUIPlugin:79 - create IPUIPlugin
2023-04-06 17:51:24,560 [INFO] PluginManager:219 - loadIPPluginJar : add openamp
2023-04-06 17:51:24,584 [INFO] IPUIPlugin:79 - create IPUIPlugin
2023-04-06 17:51:24,584 [INFO] PluginManager:219 - loadIPPluginJar : add pdm2pcm
2023-04-06 17:51:24,596 [INFO] IPUIPlugin:79 - create IPUIPlugin
2023-04-06 17:51:24,600 [INFO] PluginManager:219 - loadIPPluginJar : add plateformsettings
2023-04-06 17:51:24,612 [INFO] IPUIPlugin:79 - create IPUIPlugin
2023-04-06 17:51:24,612 [INFO] PluginManager:219 - loadIPPluginJar : add quadspi
2023-04-06 17:51:24,624 [INFO] IPUIPlugin:79 - create IPUIPlugin
2023-04-06 17:51:24,624 [INFO] PluginManager:219 - loadIPPluginJar : add resmgrutility
2023-04-06 17:51:24,656 [INFO] IPUIPlugin:79 - create IPUIPlugin
2023-04-06 17:51:24,656 [INFO] PluginManager:219 - loadIPPluginJar : add sai
2023-04-06 17:51:24,676 [INFO] IPUIPlugin:79 - create IPUIPlugin
2023-04-06 17:51:24,676 [INFO] PluginManager:219 - loadIPPluginJar : add spi
2023-04-06 17:51:24,704 [INFO] IPUIPlugin:79 - create IPUIPlugin
2023-04-06 17:51:24,704 [INFO] PluginManager:219 - loadIPPluginJar : add stm32_wpan
2023-04-06 17:51:24,720 [INFO] IPUIPlugin:79 - create IPUIPlugin
2023-04-06 17:51:24,720 [INFO] PluginManager:219 - loadIPPluginJar : add tim
2023-04-06 17:51:24,752 [INFO] IPUIPlugin:79 - create IPUIPlugin
2023-04-06 17:51:24,752 [INFO] PluginManager:219 - loadIPPluginJar : add touchsensing
2023-04-06 17:51:24,764 [INFO] IPUIPlugin:79 - create IPUIPlugin
2023-04-06 17:51:24,764 [INFO] PluginManager:219 - loadIPPluginJar : add tracer_emb
2023-04-06 17:51:24,780 [INFO] IPUIPlugin:79 - create IPUIPlugin
2023-04-06 17:51:24,780 [INFO] PluginManager:219 - loadIPPluginJar : add ts
2023-04-06 17:51:24,788 [INFO] IPUIPlugin:79 - create IPUIPlugin
2023-04-06 17:51:24,788 [INFO] PluginManager:219 - loadIPPluginJar : add tsc
2023-04-06 17:51:24,804 [INFO] IPUIPlugin:79 - create IPUIPlugin
2023-04-06 17:51:24,804 [INFO] PluginManager:219 - loadIPPluginJar : add ucpd
2023-04-06 17:51:24,828 [INFO] IPUIPlugin:79 - create IPUIPlugin
2023-04-06 17:51:24,828 [INFO] PluginManager:219 - loadIPPluginJar : add usart
2023-04-06 17:51:24,852 [INFO] IPUIPlugin:79 - create IPUIPlugin
2023-04-06 17:51:24,852 [INFO] PluginManager:219 - loadIPPluginJar : add usbx
2023-04-06 17:51:24,975 [INFO] CADModel:164 - CPN selected for project level
2023-04-06 17:51:24,975 [INFO] CADModel:113 - Register for checkConnection events
2023-04-06 17:51:24,975 [FATAL] Updater:308 - Updater called before beeing initialized
2023-04-06 17:51:24,975 [ERROR] CADModel:124 - Updater not yet initialized, retry later 
2023-04-06 17:51:25,169 [INFO] CADModel:164 - CPN selected for project level
2023-04-06 17:51:25,169 [INFO] CADModel:113 - Register for checkConnection events
2023-04-06 17:51:25,169 [FATAL] Updater:308 - Updater called before beeing initialized
2023-04-06 17:51:25,169 [ERROR] CADModel:124 - Updater not yet initialized, retry later 
2023-04-06 17:51:25,173 [FATAL] Updater:308 - Updater called before beeing initialized
2023-04-06 17:51:25,277 [FATAL] Updater:308 - Updater called before beeing initialized
2023-04-06 17:51:25,285 [INFO] DbMcusAds:52 - JSON generation date=Wed Jan 18 15:17:18 WAT 2023 (1674051438939)
2023-04-06 17:51:25,285 [FATAL] Updater:308 - Updater called before beeing initialized
2023-04-06 17:51:25,341 [WARN] DetailPanel:344 - Failed to get advertising image, set to default
2023-04-06 17:51:25,428 [FATAL] Updater:308 - Updater called before beeing initialized
2023-04-06 17:51:25,428 [FATAL] Updater:308 - Updater called before beeing initialized
2023-04-06 17:51:25,428 [FATAL] Updater:308 - Updater called before beeing initialized
2023-04-06 17:51:25,428 [WARN] DetailPanel:344 - Failed to get advertising image, set to default
2023-04-06 17:51:25,432 [FATAL] Updater:308 - Updater called before beeing initialized
2023-04-06 17:51:25,484 [ERROR] Updater:1120 - MainUpdater not yet initialized. External WinMGr cannot be set.
2023-04-06 17:51:25,492 [INFO] Updater:1056 - Updater Version found : 6.7.0
2023-04-06 17:51:25,508 [INFO] ApplicationProperties:181 - Using Application install path: C:\Program Files (x86)\STM32CubeIDE_1.11.2\STM32CubeIDE\plugins\com.st.stm32cube.common.mx_6.7.0.202301130839
2023-04-06 17:51:25,777 [INFO] MainUpdater:2800 - connection check result : 10
2023-04-06 17:51:25,777 [INFO] MainUpdater:3494 - Updater definition file requires update
2023-04-06 17:51:25,781 [INFO] MainUpdater:282 - Updater Check For Update Now.
2023-04-06 17:51:25,781 [INFO] MicroXplorer:481 - Change Database Version : DB.6.0.70
2023-04-06 17:51:25,919 [INFO] ServerAccessManage:474 - Download File updaters.zip
2023-04-06 17:51:26,020 [INFO] FileExtend:239 - Unzip File : updaters.zip
2023-04-06 17:51:26,024 [INFO] FileExtend:254 - Standard Zip Deflate
2023-04-06 17:51:26,336 [WARN] MainUpdater:1186 - Updater busy. Cannot search thirdparties
2023-04-06 17:51:26,336 [INFO] ThirdPartyUpdaterWithRetryManager:96 - Updater plugin is busy. [1/15]
2023-04-06 17:51:26,622 [INFO] ServerAccessManage:474 - Download File PacksControlFlags.xml
2023-04-06 17:51:26,732 [INFO] ServerAccessManage:474 - Download File cubemx.pidx
2023-04-06 17:51:27,191 [INFO] ServerAccessManage:474 - Download File STMicroelectronics.X-CUBE-BLEMGR.pdsc
2023-04-06 17:51:27,723 [INFO] ServerAccessManage:474 - Download File STMicroelectronics.X-CUBE-FREERTOS.pdsc
2023-04-06 17:51:28,409 [INFO] ServerAccessManage:474 - Download File STMicroelectronics.X-CUBE-TOF1.pdsc
2023-04-06 17:51:29,268 [ERROR] ServerAccessManage:1090 - Problem, file not found on Server
2023-04-06 17:51:29,341 [WARN] MainUpdater:1186 - Updater busy. Cannot search thirdparties
2023-04-06 17:51:29,341 [INFO] ThirdPartyUpdaterWithRetryManager:96 - Updater plugin is busy. [2/15]
2023-04-06 17:51:29,438 [INFO] ServerAccessManage:474 - Download File STMicroelectronics.X-CUBE-TOUCHGFX.pdsc
2023-04-06 17:51:32,205 [INFO] ServerAccessManage:474 - Download File WES.I-CUBE-Cesium.pdsc
2023-04-06 17:51:32,355 [WARN] MainUpdater:1186 - Updater busy. Cannot search thirdparties
2023-04-06 17:51:32,355 [INFO] ThirdPartyUpdaterWithRetryManager:96 - Updater plugin is busy. [3/15]
2023-04-06 17:51:34,449 [ERROR] ServerAccessManage:1090 - Problem, file not found on Server
2023-04-06 17:51:35,194 [ERROR] ServerAccessManage:1090 - Problem, file not found on Server
2023-04-06 17:51:35,346 [WARN] PackLoader:242 - Cannot read IP mode file for STMicroelectronics.X-CUBE-BLEMGR.2.0.0
2023-04-06 17:51:35,358 [WARN] PackLoader:242 - Cannot read IP mode file for STMicroelectronics.X-CUBE-FREERTOS.1.0.0
2023-04-06 17:51:35,366 [WARN] MainUpdater:1186 - Updater busy. Cannot search thirdparties
2023-04-06 17:51:35,366 [INFO] ThirdPartyUpdaterWithRetryManager:96 - Updater plugin is busy. [4/15]
2023-04-06 17:51:35,370 [WARN] PackLoader:242 - Cannot read IP mode file for STMicroelectronics.X-CUBE-TOF1.3.3.0
2023-04-06 17:51:35,382 [WARN] PackLoader:242 - Cannot read IP mode file for STMicroelectronics.X-CUBE-TOUCHGFX.4.21.3
2023-04-06 17:51:35,394 [WARN] PackLoader:242 - Cannot read IP mode file for WES.I-CUBE-Cesium.1.3.0
2023-04-06 17:51:35,394 [INFO] PopulateThirdPartyThread:64 - Ending populate Thread
2023-04-06 17:51:35,394 [INFO] ThirdParty:999 - CMSIS Pack Vendor :STMicroelectronics X-CUBE-FREERTOS 1.0.0
2023-04-06 17:51:35,394 [INFO] ThirdParty:999 - CMSIS Pack Vendor :WES I-CUBE-Cesium 1.3.0
2023-04-06 17:51:35,394 [INFO] ThirdParty:999 - CMSIS Pack Vendor :STMicroelectronics X-CUBE-TOUCHGFX 4.21.3
2023-04-06 17:51:35,394 [INFO] ThirdParty:999 - CMSIS Pack Vendor :STMicroelectronics X-CUBE-BLEMGR 2.0.0
2023-04-06 17:51:35,394 [INFO] ThirdParty:999 - CMSIS Pack Vendor :STMicroelectronics X-CUBE-TOF1 3.3.0
2023-04-06 17:51:35,394 [INFO] LoadServerUpdatesThread:367 - End of LoadServerUpdate Thread
2023-04-06 17:51:35,450 [INFO] CheckServerUpdateThread:119 - End of CheckServer Thread
2023-04-06 17:51:35,626 [INFO] MainUpdater:2800 - connection check result : 10
2023-04-06 17:51:35,639 [INFO] MainUpdater:2800 - connection check result : 10
2023-04-06 17:51:35,763 [INFO] MicroXplorer:451 - Change Database Path : 
2023-04-06 17:51:35,763 [INFO] MicroXplorer:481 - Change Database Version : DB.6.0.70
2023-04-06 17:51:35,763 [WARN] ThirdParty:845 - waiting for thirdparty lock release [close project]
2023-04-06 17:51:38,476 [WARN] PackLoader:242 - Cannot read IP mode file for STMicroelectronics.X-CUBE-GNSS1.6.0.0
2023-04-06 17:51:38,504 [WARN] PackLoader:242 - Cannot read IP mode file for STMicroelectronics.X-CUBE-AZRTOS-F4.1.1.0
2023-04-06 17:51:38,536 [WARN] PackLoader:242 - Cannot read IP mode file for STMicroelectronics.X-CUBE-AZRTOS-F7.1.1.0
2023-04-06 17:51:38,560 [WARN] PackLoader:242 - Cannot read IP mode file for STMicroelectronics.X-CUBE-BLE1.6.2.4
2023-04-06 17:51:38,576 [WARN] PackLoader:242 - Cannot read IP mode file for emotas.I-CUBE-CANOPEN.1.1.3
2023-04-06 17:51:38,580 [WARN] PackLoader:242 - Cannot read IP mode file for STMicroelectronics.X-CUBE-BLEMGR.2.0.0
2023-04-06 17:51:38,596 [WARN] PackLoader:242 - Cannot read IP mode file for STMicroelectronics.X-CUBE-DISPLAY.3.0.0
2023-04-06 17:51:38,612 [WARN] PackLoader:242 - Cannot read IP mode file for wolfSSL.I-CUBE-wolfSSL.5.5.4
2023-04-06 17:51:38,624 [WARN] PackLoader:242 - Cannot read IP mode file for STMicroelectronics.X-CUBE-NFC7.1.0.0
2023-04-06 17:51:38,636 [WARN] PackLoader:242 - Cannot read IP mode file for STMicroelectronics.X-CUBE-EEPRMA1.4.1.0
2023-04-06 17:51:38,644 [WARN] PackLoader:242 - Cannot read IP mode file for WES.I-CUBE-Cesium.1.3.0
2023-04-06 17:51:38,656 [WARN] PackLoader:242 - Cannot read IP mode file for STMicroelectronics.X-CUBE-SFXS2LP1.4.0.0
2023-04-06 17:51:38,668 [WARN] PackLoader:242 - Cannot read IP mode file for STMicroelectronics.X-CUBE-BLE2.3.3.0
2023-04-06 17:51:38,684 [WARN] PackLoader:242 - Cannot read IP mode file for STMicroelectronics.X-CUBE-TOF1.3.2.0
2023-04-06 17:51:38,716 [WARN] PackLoader:242 - Cannot read IP mode file for STMicroelectronics.X-CUBE-AZRTOS-H7.3.0.0
2023-04-06 17:51:38,732 [WARN] PackLoader:242 - Cannot read IP mode file for STMicroelectronics.X-CUBE-ISPU.1.1.0
2023-04-06 17:51:38,748 [WARN] PackLoader:242 - Cannot read IP mode file for RoweBots.I-CUBE-UNISONRTOS.5.5.0-4
2023-04-06 17:51:38,760 [WARN] PackLoader:242 - Cannot read IP mode file for STMicroelectronics.X-CUBE-AI.8.0.0
2023-04-06 17:51:38,764 [WARN] PackLoader:242 - Cannot read IP mode file for STMicroelectronics.X-CUBE-FREERTOS.1.0.0
2023-04-06 17:51:38,776 [WARN] PackLoader:242 - Cannot read IP mode file for STMicroelectronics.X-CUBE-TOUCHGFX.4.21.1
2023-04-06 17:51:38,776 [WARN] PackLoader:242 - Cannot read IP mode file for STMicroelectronics.X-CUBE-TOUCHGFX.4.21.3
2023-04-06 17:51:38,784 [WARN] PackLoader:242 - Cannot read IP mode file for STMicroelectronics.X-CUBE-AI.7.3.0
2023-04-06 17:51:38,796 [WARN] PackLoader:242 - Cannot read IP mode file for STMicroelectronics.X-CUBE-ALGOBUILD.1.3.0
2023-04-06 17:51:38,816 [WARN] PackLoader:242 - Cannot read IP mode file for STMicroelectronics.X-CUBE-AZRTOS-L5.1.1.0
2023-04-06 17:51:38,848 [WARN] PackLoader:242 - Cannot read IP mode file for STMicroelectronics.X-CUBE-AZRTOS-G0.1.1.0
2023-04-06 17:51:38,868 [WARN] PackLoader:242 - Cannot read IP mode file for STMicroelectronics.X-CUBE-SUBG2.5.0.0
2023-04-06 17:51:38,884 [WARN] PackLoader:242 - Cannot read IP mode file for STMicroelectronics.X-CUBE-NFC4.3.0.0
2023-04-06 17:51:38,892 [WARN] PackLoader:242 - Cannot read IP mode file for STMicroelectronics.X-CUBE-TOF1.3.3.0
2023-04-06 17:51:38,904 [WARN] PackLoader:242 - Cannot read IP mode file for STMicroelectronics.FP-ATR-ASTRA1.1.1.1
2023-04-06 17:51:38,920 [WARN] PackLoader:242 - Cannot read IP mode file for STMicroelectronics.X-CUBE-BLEMGR.1.3.0
2023-04-06 17:51:38,940 [WARN] PackLoader:242 - Cannot read IP mode file for STMicroelectronics.X-CUBE-AZRTOS-G4.1.0.0
2023-04-06 17:51:38,947 [WARN] PackLoader:242 - Cannot read IP mode file for STMicroelectronics.FP-ATR-SIGFOX1.3.2.0
2023-04-06 17:51:38,971 [WARN] PackLoader:242 - Cannot read IP mode file for STMicroelectronics.X-CUBE-AZRTOS-L4.1.0.0
2023-04-06 17:51:38,991 [WARN] PackLoader:242 - Cannot read IP mode file for STMicroelectronics.X-CUBE-AZRTOS-WL.1.0.0
2023-04-06 17:51:39,003 [WARN] PackLoader:242 - Cannot read IP mode file for portGmbH.I-Cube-SoM-uGOAL.1.1.0
2023-04-06 17:51:39,019 [WARN] PackLoader:242 - Cannot read IP mode file for STMicroelectronics.X-CUBE-ALS.1.0.1
2023-04-06 17:51:39,067 [WARN] PackLoader:242 - Cannot read IP mode file for STMicroelectronics.X-CUBE-MEMS1.9.5.0
2023-04-06 17:51:39,160 [WARN] PackLoader:242 - Cannot read IP mode file for STMicroelectronics.X-CUBE-AZRTOS-WB.1.1.0
2023-04-06 17:51:39,204 [WARN] PackLoader:242 - Cannot read IP mode file for SEGGER.I-CUBE-embOS.1.3.1
2023-04-06 17:51:39,232 [INFO] ThirdParty:947 - Integrity check success = true
2023-04-06 17:51:39,232 [INFO] IntegrityCheckThread:98 - exiting critical section [integrity check]
2023-04-06 17:51:39,232 [INFO] IntegrityCheckThread:101 - End integrity checks thread
2023-04-06 17:51:39,232 [INFO] ThirdParty:847 - entering critical section [close project]
2023-04-06 17:51:39,236 [INFO] ThirdParty:857 - exiting critical section [close project]
2023-04-06 17:51:39,276 [INFO] PinOutPanel:1477 - setPackage(No Configuration,No Configuration)
2023-04-06 17:51:39,284 [INFO] UtilMem:74 - Begin LoadConfig() Used Memory: 246770752 Bytes (615514112)
2023-04-06 17:51:39,284 [INFO] MicroXplorer:451 - Change Database Path : 
2023-04-06 17:51:39,284 [INFO] MicroXplorer:481 - Change Database Version : DB.6.0.70
2023-04-06 17:51:39,284 [INFO] OpenFileManager:307 - Change cursor
2023-04-06 17:51:39,424 [INFO] Mcu:1925 - Initializing MCU STM32F446R(C-E)Tx STM32F446RETx STM32F446RET6
2023-04-06 17:51:41,303 [INFO] Context:654 - Trying to add GPIOservice into a context  which must be forbidden
2023-04-06 17:51:41,862 [INFO] RtosManager:489 - Registered RTOS mode: class=CMSIS, group=RTOS, mode=CMSIS_V1, owner=FREERTOS
2023-04-06 17:51:41,862 [INFO] RtosManager:489 - Registered RTOS mode: class=CMSIS, group=RTOS2, mode=CMSIS_V2, owner=FREERTOS
2023-04-06 17:51:41,862 [INFO] RtosManager:489 - Registered RTOS mode: class=RTOS, group=Core, mode=CMSIS_V1, owner=FREERTOS
2023-04-06 17:51:41,862 [INFO] RtosManager:489 - Registered RTOS mode: class=RTOS, group=Core, mode=CMSIS_V2, owner=FREERTOS
2023-04-06 17:51:41,862 [WARN] ModelIntegratedComponent:185 - Missing modes for component STMicroelectronics:FreeRTOS:0.0.1:STMicroelectronics:RTOS:FreeRTOS:Core:::10.2.0:
2023-04-06 17:51:41,882 [WARN] ModelIntegratedComponent:64 - No mode defined for component null
2023-04-06 17:51:41,882 [WARN] ModelIntegratedComponent:64 - No mode defined for component null
2023-04-06 17:51:41,882 [WARN] ModelIntegratedComponent:64 - No mode defined for component null
2023-04-06 17:51:41,882 [WARN] ModelIntegratedComponent:64 - No mode defined for component null
2023-04-06 17:51:41,882 [WARN] ModelIntegratedComponent:64 - No mode defined for component null
2023-04-06 17:51:41,882 [WARN] ModelIntegratedComponent:64 - No mode defined for component null
2023-04-06 17:51:41,882 [WARN] ModelIntegratedComponent:64 - No mode defined for component null
2023-04-06 17:51:41,882 [WARN] ModelIntegratedComponent:64 - No mode defined for component null
2023-04-06 17:51:41,882 [WARN] ModelIntegratedComponent:64 - No mode defined for component null
2023-04-06 17:51:41,886 [WARN] ModelIntegratedComponent:64 - No mode defined for component null
2023-04-06 17:51:41,886 [WARN] ModelIntegratedComponent:64 - No mode defined for component null
2023-04-06 17:51:41,886 [WARN] ModelIntegratedComponent:64 - No mode defined for component null
2023-04-06 17:51:41,886 [WARN] ModelIntegratedComponent:64 - No mode defined for component null
2023-04-06 17:51:41,886 [WARN] ModelIntegratedComponent:64 - No mode defined for component null
2023-04-06 17:51:41,886 [WARN] ModelIntegratedComponent:64 - No mode defined for component null
2023-04-06 17:51:41,886 [WARN] ModelIntegratedComponent:64 - No mode defined for component null
2023-04-06 17:51:41,886 [WARN] ModelIntegratedComponent:64 - No mode defined for component null
2023-04-06 17:51:41,886 [WARN] ModelIntegratedComponent:64 - No mode defined for component null
2023-04-06 17:51:41,886 [WARN] ModelIntegratedComponent:64 - No mode defined for component null
2023-04-06 17:51:41,886 [WARN] ModelIntegratedComponent:64 - No mode defined for component null
2023-04-06 17:51:41,886 [WARN] ModelIntegratedComponent:64 - No mode defined for component null
2023-04-06 17:51:41,886 [WARN] ModelIntegratedComponent:64 - No mode defined for component null
2023-04-06 17:51:41,886 [WARN] ModelIntegratedComponent:64 - No mode defined for component null
2023-04-06 17:51:41,886 [WARN] ModelIntegratedComponent:64 - No mode defined for component null
2023-04-06 17:51:41,886 [WARN] ModelIntegratedComponent:64 - No mode defined for component null
2023-04-06 17:51:41,886 [WARN] ModelIntegratedComponent:64 - No mode defined for component null
2023-04-06 17:51:41,886 [WARN] ModelIntegratedComponent:64 - No mode defined for component null
2023-04-06 17:51:41,886 [WARN] ModelIntegratedComponent:64 - No mode defined for component null
2023-04-06 17:51:41,886 [WARN] ModelIntegratedComponent:64 - No mode defined for component null
2023-04-06 17:51:41,886 [WARN] ModelIntegratedComponent:64 - No mode defined for component null
2023-04-06 17:51:41,886 [WARN] ModelIntegratedComponent:64 - No mode defined for component null
2023-04-06 17:51:41,886 [WARN] ModelIntegratedComponent:64 - No mode defined for component null
2023-04-06 17:51:41,886 [WARN] ModelIntegratedComponent:64 - No mode defined for component null
2023-04-06 17:51:41,992 [INFO] ThirdPartyModel:294 - Start build external matchings
2023-04-06 17:51:42,152 [INFO] ThirdPartyModel:310 - End build external matchings
2023-04-06 17:51:42,196 [INFO] ImportTextPane:193 - (OptionalMessage_ERROR) IP (DMA) : Parameter (Instance) has Id (USART2_RX) currently not set
2023-04-06 17:51:42,196 [INFO] ImportTextPane:193 - (OptionalMessage_ERROR) IP (DMA) : Parameter (Channel) has Id (USART2_RX) currently not set
2023-04-06 17:51:42,196 [INFO] ImportTextPane:193 - (OptionalMessage_ERROR) IP (DMA) : Parameter (Direction) has Id (USART2_RX) currently not set
2023-04-06 17:51:42,196 [INFO] ImportTextPane:193 - (OptionalMessage_ERROR) IP (DMA) : Parameter (PeriphInc) has Id (USART2_RX) currently not set
2023-04-06 17:51:42,196 [INFO] ImportTextPane:193 - (OptionalMessage_ERROR) IP (DMA) : Parameter (MemInc) has Id (USART2_RX) currently not set
2023-04-06 17:51:42,196 [INFO] ImportTextPane:193 - (OptionalMessage_ERROR) IP (DMA) : Parameter (PeriphDataAlignment) has Id (USART2_RX) currently not set
2023-04-06 17:51:42,196 [INFO] ImportTextPane:193 - (OptionalMessage_ERROR) IP (DMA) : Parameter (MemDataAlignment) has Id (USART2_RX) currently not set
2023-04-06 17:51:42,196 [INFO] ImportTextPane:193 - (OptionalMessage_ERROR) IP (DMA) : Parameter (Mode) has Id (USART2_RX) currently not set
2023-04-06 17:51:42,196 [INFO] ImportTextPane:193 - (OptionalMessage_ERROR) IP (DMA) : Parameter (Priority) has Id (USART2_RX) currently not set
2023-04-06 17:51:42,196 [INFO] ImportTextPane:193 - (OptionalMessage_ERROR) IP (DMA) : Parameter (FIFOMode) has Id (USART2_RX) currently not set
2023-04-06 17:51:42,196 [INFO] ImportTextPane:193 - (OptionalMessage_ERROR) IP (DMA) : Parameter (Instance) has Id (USART2_TX) currently not set
2023-04-06 17:51:42,196 [INFO] ImportTextPane:193 - (OptionalMessage_ERROR) IP (DMA) : Parameter (Channel) has Id (USART2_TX) currently not set
2023-04-06 17:51:42,196 [INFO] ImportTextPane:193 - (OptionalMessage_ERROR) IP (DMA) : Parameter (Direction) has Id (USART2_TX) currently not set
2023-04-06 17:51:42,200 [INFO] ImportTextPane:193 - (OptionalMessage_ERROR) IP (DMA) : Parameter (PeriphInc) has Id (USART2_TX) currently not set
2023-04-06 17:51:42,200 [INFO] ImportTextPane:193 - (OptionalMessage_ERROR) IP (DMA) : Parameter (MemInc) has Id (USART2_TX) currently not set
2023-04-06 17:51:42,200 [INFO] ImportTextPane:193 - (OptionalMessage_ERROR) IP (DMA) : Parameter (PeriphDataAlignment) has Id (USART2_TX) currently not set
2023-04-06 17:51:42,200 [INFO] ImportTextPane:193 - (OptionalMessage_ERROR) IP (DMA) : Parameter (MemDataAlignment) has Id (USART2_TX) currently not set
2023-04-06 17:51:42,200 [INFO] ImportTextPane:193 - (OptionalMessage_ERROR) IP (DMA) : Parameter (Mode) has Id (USART2_TX) currently not set
2023-04-06 17:51:42,200 [INFO] ImportTextPane:193 - (OptionalMessage_ERROR) IP (DMA) : Parameter (Priority) has Id (USART2_TX) currently not set
2023-04-06 17:51:42,200 [INFO] ImportTextPane:193 - (OptionalMessage_ERROR) IP (DMA) : Parameter (FIFOMode) has Id (USART2_TX) currently not set
2023-04-06 17:51:42,204 [INFO] ImportTextPane:193 - (OptionalMessage_ERROR) IP (RCC) : Invalid parameter (FamilyName)
2023-04-06 17:51:42,208 [INFO] ImportTextPane:193 - (OptionalMessage_ERROR) IP (RCC) : Parameter (SDIOFreq_Value) has invalid value (84000000)
2023-04-06 17:51:42,208 [INFO] ImportTextPane:193 - (OptionalMessage_ERROR) IP (RCC) : Parameter (USBFreq_Value) has invalid value (84000000)
2023-04-06 17:51:42,583 [INFO] UtilMem:74 - End LoadConfig() Used Memory: 316126568 Bytes (615514112)
2023-04-06 17:51:42,675 [INFO] ApiDb:580 - Connected to CubeFinder SQLite database (C:\Users\Elyes\.stmcufinder\plugins\mcufinder\mcu\cube-finder-db.db)
2023-04-06 17:51:42,731 [INFO] ApiDb:667 - CubeFinder database Data Model version=2.1
2023-04-06 17:51:42,731 [INFO] ApiDb:668 - CubeFinder database Configuration version=3.0.35
2023-04-06 17:51:42,731 [INFO] ApiDb:669 - CubeFinder database generation date=2023-02-02 (1675320190)
2023-04-06 17:51:42,731 [INFO] ApiDb:670 - CubeFinder database FW Pack versions=[FP-ATR-ASTRA1_V1.1.1, STM32Cube_FW_C0_V1.0.1, STM32Cube_FW_F4_V1.27.1, STM32Cube_FW_F7_V1.17.0, STM32Cube_FW_G0_V1.6.1, STM32Cube_FW_G4_V1.5.0, STM32Cube_FW_H5_V0.5.1, STM32Cube_FW_H7_V1.11.0, STM32Cube_FW_L5_V1.5.0, STM32Cube_FW_U5_V1.1.1, STM32Cube_FW_WBA_V0.2.0, STM32Cube_FW_WB_V1.15.0, STM32Cube_FW_WB_V1.15.0RC1, STM32Cube_FW_WL_V1.3.0, X-CUBE-ALGOBUILD_V1.3.0, X-CUBE-ALS_V1.0.1, X-CUBE-AZRTOS-F4_V1.1.0, X-CUBE-AZRTOS-F7_V1.1.0, X-CUBE-AZRTOS-G0_V1.1.0, X-CUBE-AZRTOS-G4_V1.0.0, X-CUBE-AZRTOS-H7_V3.0.0, X-CUBE-AZRTOS-L4_V1.0.0, X-CUBE-AZRTOS-L5_V1.1.0, X-CUBE-AZRTOS-WB_V1.1.0, X-CUBE-AZRTOS-WL_V1.0.0, X-CUBE-BLE1_V6.2.4, X-CUBE-BLE2_V3.3.0, X-CUBE-BLEMGR_V1.3.0, X-CUBE-EEPRMA1_V4.1.0, X-CUBE-GNSS1_V6.0.0, X-CUBE-MEMS1_V9.1.0, X-CUBE-MEMS1_V9.3.0, X-CUBE-MEMS1_V9.4.0, X-CUBE-NFC4_V3.0.0, X-CUBE-NFC7_V1.0.0, X-CUBE-SFXS2LP1_V4.0.0, X-CUBE-SUBG2_V5.0.0]
2023-04-06 17:51:44,487 [INFO] ApiDb:239 - Found 143 in-development CPN: [B-WB1M-WPAN1, B-WL5M-SUBG1, NUCLEO-C031C6, STEVAL-PROTEUS1, STEVAL-STWINBX1, STM320518-EVAL, STM32C0116-DK, STM32C011D6Y3TR, STM32C011D6Y6TR, STM32C011F4P3, STM32C011F4P6, STM32C011F4U3, STM32C011F4U6TR, STM32C011F6P3, STM32C011F6P6, STM32C011F6U3, STM32C011F6U6TR, STM32C011J4M3, STM32C011J4M6, STM32C011J6M3, STM32C011J6M6, STM32C0316-DK, STM32C031C4T3, STM32C031C4T6, STM32C031C4U3, STM32C031C4U6, STM32C031C6T3, STM32C031C6T6, STM32C031C6U3, STM32C031C6U6, STM32C031F4P3, STM32C031F4P6, STM32C031F6P3, STM32C031F6P6, STM32C031G4U3, STM32C031G4U6, STM32C031G6U3, STM32C031G6U6, STM32C031K4T3, STM32C031K4T6, STM32C031K4U3, STM32C031K4U6, STM32C031K6T3, STM32C031K6T6, STM32C031K6U3, STM32C031K6U6, STM32G071K8TXN, STM32G071K8UXN, STM32G081GBU6N, STM32G081KBT6N, STM32G081KBUXN, STM32G0B1CCT6N, STM32G0B1KCT6, STM32G0B1NEY6TR, STM32G0B1RCT6N, STM32G0C1CCT6, STM32G0C1CCT6N, STM32G0C1CCU6N, STM32G0C1CET6N, STM32G0C1CEU6N, STM32G0C1KCT6, STM32G0C1NEY6TR, STM32G0C1RCI6N, STM32G0C1RCT6N, STM32G0C1REI6N, STM32G0C1RET6N, STM32G0C1VCI6, STM32G0C1VEI6, STM32G471CCT6, STM32G471CCU6, STM32G471CET3, STM32G471CET6, STM32G471CEU3, STM32G471CEU6, STM32G471MCT6, STM32G471MET3, STM32G471MET6, STM32G471MEY6TR, STM32G471QCT6, STM32G471QET3, STM32G471RCT6, STM32G471RET3, STM32G471RET6, STM32G471VCH6, STM32G471VCI6, STM32G471VCT6, STM32G471VEH3, STM32G471VEH6, STM32G471VEI3, STM32G471VEI6, STM32G471VET3, STM32G471VET6, STM32G474CCT6, STM32L476VGY6PTR, STM32L4R5QGI6STR, STM32MP131AAE3, STM32MP131AAF3, STM32MP131AAG3, STM32MP131CAE3, STM32MP131CAF3, STM32MP131CAG3, STM32MP131DAE7, STM32MP131DAF7, STM32MP131DAG7, STM32MP131FAE7, STM32MP131FAF7, STM32MP131FAG7, STM32MP133AAE3, STM32MP133AAF3, STM32MP133AAG3, STM32MP133CAE3, STM32MP133CAF3, STM32MP133CAG3, STM32MP133DAE7, STM32MP133DAF7, STM32MP133DAG7, STM32MP133FAE7, STM32MP133FAF7, STM32MP133FAG7, STM32MP135AAE3, STM32MP135AAF3, STM32MP135AAG3, STM32MP135CAE3, STM32MP135CAF3, STM32MP135CAG3, STM32MP135DAE7, STM32MP135DAF7, STM32MP135DAG7, STM32MP135F-DK, STM32MP135FAE7, STM32MP135FAF7, STM32MP135FAF7T, STM32MP135FAF7U, STM32MP135FAG7, STM32U595ZJT6Q, STM32U599BJY6QTR, STM32U599NIH6Q, STM32U599NJH6Q, STM32U5A5ZJT6Q, STM32U5A9BJY6QTR, STM32U5A9NJH6Q, STM32WB1MMCH6, STM32WL5MOCH6TR]
2023-04-06 17:51:44,487 [INFO] DbMcus:215 - Found 3582 MCUs, 3582 are supported
2023-04-06 17:51:44,491 [INFO] ApiDb:422 - Load user favorites file C:\Users\Elyes/.stm32cubeide/favorites.mcus.txt: 0 item(s)
2023-04-06 17:51:44,491 [INFO] ApiDb:426 - User favorites MCUs=[]
2023-04-06 17:51:44,491 [INFO] DbMcus:221 - Set 0 / 0 favorites MCUs
2023-04-06 17:51:44,722 [WARN] ThirdParty:807 - waiting for thirdparty lock release [change project]
2023-04-06 17:51:44,722 [INFO] ThirdParty:809 - entering critical section [change project]
2023-04-06 17:51:44,722 [INFO] ThirdParty:999 - CMSIS Pack Vendor :STMicroelectronics X-CUBE-ISPU 1.1.0
2023-04-06 17:51:44,722 [INFO] ThirdParty:999 - CMSIS Pack Vendor :RoweBots I-CUBE-UNISONRTOS 5.5.0-4
2023-04-06 17:51:44,722 [INFO] ThirdParty:999 - CMSIS Pack Vendor :STMicroelectronics X-CUBE-GNSS1 6.0.0
2023-04-06 17:51:44,722 [INFO] ThirdParty:999 - CMSIS Pack Vendor :STMicroelectronics USB_HOST 2.0.0
2023-04-06 17:51:44,722 [INFO] ThirdParty:999 - CMSIS Pack Vendor :STMicroelectronics X-CUBE-AZRTOS-F4 1.1.0
2023-04-06 17:51:44,722 [INFO] ThirdParty:999 - CMSIS Pack Vendor :STMicroelectronics LIBJPEG 8.0.0
2023-04-06 17:51:44,722 [INFO] ThirdParty:999 - CMSIS Pack Vendor :STMicroelectronics USB_DEVICE 3.0.0
2023-04-06 17:51:44,722 [INFO] ThirdParty:999 - CMSIS Pack Vendor :STMicroelectronics X-CUBE-AI 8.0.0
2023-04-06 17:51:44,722 [INFO] ThirdParty:999 - CMSIS Pack Vendor :STMicroelectronics X-CUBE-FREERTOS 1.0.0
2023-04-06 17:51:44,722 [INFO] ThirdParty:999 - CMSIS Pack Vendor :STMicroelectronics X-CUBE-TOUCHGFX 4.21.1
2023-04-06 17:51:44,722 [INFO] ThirdParty:999 - CMSIS Pack Vendor :STMicroelectronics X-CUBE-TOUCHGFX 4.21.3
2023-04-06 17:51:44,722 [INFO] ThirdParty:999 - CMSIS Pack Vendor :STMicroelectronics X-CUBE-AZRTOS-F7 1.1.0
2023-04-06 17:51:44,722 [INFO] ThirdParty:999 - CMSIS Pack Vendor :STMicroelectronics USB_DEVICE 2.0.0
2023-04-06 17:51:44,722 [INFO] ThirdParty:999 - CMSIS Pack Vendor :STMicroelectronics X-CUBE-AI 7.3.0
2023-04-06 17:51:44,722 [INFO] ThirdParty:999 - CMSIS Pack Vendor :STMicroelectronics X-CUBE-ALGOBUILD 1.3.0
2023-04-06 17:51:44,722 [INFO] ThirdParty:999 - CMSIS Pack Vendor :STMicroelectronics X-CUBE-BLE1 6.2.4
2023-04-06 17:51:44,722 [INFO] ThirdParty:999 - CMSIS Pack Vendor :STMicroelectronics X-CUBE-AZRTOS-L5 1.1.0
2023-04-06 17:51:44,722 [INFO] ThirdParty:999 - CMSIS Pack Vendor :STMicroelectronics FreeRTOS 0.0.1
2023-04-06 17:51:44,722 [INFO] ThirdParty:999 - CMSIS Pack Vendor :emotas I-CUBE-CANOPEN 1.1.3
2023-04-06 17:51:44,722 [INFO] ThirdParty:999 - CMSIS Pack Vendor :STMicroelectronics X-CUBE-AZRTOS-G0 1.1.0
2023-04-06 17:51:44,722 [INFO] ThirdParty:999 - CMSIS Pack Vendor :STMicroelectronics X-CUBE-BLEMGR 2.0.0
2023-04-06 17:51:44,722 [INFO] ThirdParty:999 - CMSIS Pack Vendor :STMicroelectronics X-CUBE-SUBG2 5.0.0
2023-04-06 17:51:44,722 [INFO] ThirdParty:999 - CMSIS Pack Vendor :STMicroelectronics X-CUBE-NFC4 3.0.0
2023-04-06 17:51:44,722 [INFO] ThirdParty:999 - CMSIS Pack Vendor :STMicroelectronics STM32_WPAN 1.0.0
2023-04-06 17:51:44,722 [INFO] ThirdParty:999 - CMSIS Pack Vendor :STMicroelectronics lwIP 2.0.3
2023-04-06 17:51:44,722 [INFO] ThirdParty:999 - CMSIS Pack Vendor :STMicroelectronics USB_HOST 1.0.0
2023-04-06 17:51:44,722 [INFO] ThirdParty:999 - CMSIS Pack Vendor :STMicroelectronics PDM2PCM 3.1.0
2023-04-06 17:51:44,722 [INFO] ThirdParty:999 - CMSIS Pack Vendor :STMicroelectronics X-CUBE-TOF1 3.3.0
2023-04-06 17:51:44,722 [INFO] ThirdParty:999 - CMSIS Pack Vendor :STMicroelectronics FP-ATR-ASTRA1 1.1.1
2023-04-06 17:51:44,722 [INFO] ThirdParty:999 - CMSIS Pack Vendor :STMicroelectronics PDM2PCM 3.3.0
2023-04-06 17:51:44,722 [INFO] ThirdParty:999 - CMSIS Pack Vendor :STMicroelectronics X-CUBE-DISPLAY 3.0.0
2023-04-06 17:51:44,722 [INFO] ThirdParty:999 - CMSIS Pack Vendor :STMicroelectronics X-CUBE-BLEMGR 1.3.0
2023-04-06 17:51:44,726 [INFO] ThirdParty:999 - CMSIS Pack Vendor :STMicroelectronics X-CUBE-AZRTOS-G4 1.0.0
2023-04-06 17:51:44,726 [INFO] ThirdParty:999 - CMSIS Pack Vendor :STMicroelectronics FP-ATR-SIGFOX1 3.2.0
2023-04-06 17:51:44,726 [INFO] ThirdParty:999 - CMSIS Pack Vendor :wolfSSL I-CUBE-wolfSSL 5.5.4
2023-04-06 17:51:44,726 [INFO] ThirdParty:999 - CMSIS Pack Vendor :STMicroelectronics X-CUBE-AZRTOS-L4 1.0.0
2023-04-06 17:51:44,726 [INFO] ThirdParty:999 - CMSIS Pack Vendor :STMicroelectronics HAL Drivers 0.0.0
2023-04-06 17:51:44,726 [INFO] ThirdParty:999 - CMSIS Pack Vendor :STMicroelectronics MBEDTLS 2.16.2
2023-04-06 17:51:44,726 [INFO] ThirdParty:999 - CMSIS Pack Vendor :STMicroelectronics MBEDTLS 2.14.1
2023-04-06 17:51:44,726 [INFO] ThirdParty:999 - CMSIS Pack Vendor :STMicroelectronics X-CUBE-NFC7 1.0.0
2023-04-06 17:51:44,726 [INFO] ThirdParty:999 - CMSIS Pack Vendor :STMicroelectronics X-CUBE-AZRTOS-WL 1.0.0
2023-04-06 17:51:44,726 [INFO] ThirdParty:999 - CMSIS Pack Vendor :STMicroelectronics X-CUBE-EEPRMA1 4.1.0
2023-04-06 17:51:44,726 [INFO] ThirdParty:999 - CMSIS Pack Vendor :portGmbH I-Cube-SoM-uGOAL 1.1.0
2023-04-06 17:51:44,726 [INFO] ThirdParty:999 - CMSIS Pack Vendor :STMicroelectronics X-CUBE-ALS 1.0.1
2023-04-06 17:51:44,726 [INFO] ThirdParty:999 - CMSIS Pack Vendor :STMicroelectronics X-CUBE-MEMS1 9.5.0
2023-04-06 17:51:44,726 [INFO] ThirdParty:999 - CMSIS Pack Vendor :STMicroelectronics ThreadX 1.0.0
2023-04-06 17:51:44,726 [INFO] ThirdParty:999 - CMSIS Pack Vendor :STMicroelectronics X-CUBE-AZRTOS-WB 1.1.0
2023-04-06 17:51:44,726 [INFO] ThirdParty:999 - CMSIS Pack Vendor :SEGGER I-CUBE-embOS 1.3.1
2023-04-06 17:51:44,726 [INFO] ThirdParty:999 - CMSIS Pack Vendor :STMicroelectronics USB_DEVICE 1.0.0
2023-04-06 17:51:44,726 [INFO] ThirdParty:999 - CMSIS Pack Vendor :STMicroelectronics ThreadX 0.0.2
2023-04-06 17:51:44,726 [INFO] ThirdParty:999 - CMSIS Pack Vendor :WES I-CUBE-Cesium 1.3.0
2023-04-06 17:51:44,726 [INFO] ThirdParty:999 - CMSIS Pack Vendor :STMicroelectronics lwIP 2.1.2
2023-04-06 17:51:44,730 [INFO] ThirdParty:999 - CMSIS Pack Vendor :STMicroelectronics X-CUBE-SFXS2LP1 4.0.0
2023-04-06 17:51:44,730 [INFO] ThirdParty:999 - CMSIS Pack Vendor :STMicroelectronics X-CUBE-BLE2 3.3.0
2023-04-06 17:51:44,730 [INFO] ThirdParty:999 - CMSIS Pack Vendor :STMicroelectronics X-CUBE-TOF1 3.2.0
2023-04-06 17:51:44,730 [INFO] ThirdParty:999 - CMSIS Pack Vendor :STMicroelectronics PDM2PCM 3.2.0
2023-04-06 17:51:44,730 [INFO] ThirdParty:999 - CMSIS Pack Vendor :STMicroelectronics X-CUBE-AZRTOS-H7 3.0.0
2023-04-06 17:51:44,730 [INFO] ThirdParty:815 - exiting critical section [change project]
2023-04-06 17:51:45,126 [INFO] PinOutPanel:1477 - setPackage(No Configuration,No Configuration)
2023-04-06 17:51:45,126 [INFO] PinOutPanel:1477 - setPackage(STM32F446RETx,LQFP64)
2023-04-06 17:51:45,890 [INFO] UtilMem:74 - Before build in PCC Used Memory: 397677248 Bytes (615514112)
2023-04-06 17:51:46,878 [INFO] UtilMem:74 - After build in PCC Used Memory: 353894400 Bytes (615514112)
2023-04-06 17:51:46,914 [INFO] IPUIPlugin:79 - create IPUIPlugin
2023-04-06 17:51:46,914 [INFO] IPUIPlugin:79 - create IPUIPlugin
2023-04-06 17:51:46,918 [INFO] IPUIPlugin:79 - create IPUIPlugin
2023-04-06 17:51:46,918 [INFO] IPUIPlugin:79 - create IPUIPlugin
2023-04-06 17:51:46,918 [INFO] IPUIPlugin:79 - create IPUIPlugin
2023-04-06 17:51:46,922 [INFO] IPUIPlugin:79 - create IPUIPlugin
2023-04-06 17:51:46,922 [INFO] IPUIPlugin:79 - create IPUIPlugin
2023-04-06 17:51:46,926 [INFO] IPUIPlugin:79 - create IPUIPlugin
2023-04-06 17:51:46,926 [INFO] IPUIPlugin:79 - create IPUIPlugin
2023-04-06 17:51:46,930 [INFO] IPUIPlugin:79 - create IPUIPlugin
2023-04-06 17:51:46,930 [INFO] IPUIPlugin:79 - create IPUIPlugin
2023-04-06 17:51:46,930 [INFO] IPUIPlugin:79 - create IPUIPlugin
2023-04-06 17:51:46,930 [INFO] IPUIPlugin:79 - create IPUIPlugin
2023-04-06 17:51:46,930 [INFO] IPUIPlugin:79 - create IPUIPlugin
2023-04-06 17:51:46,934 [INFO] IPUIPlugin:79 - create IPUIPlugin
2023-04-06 17:51:46,934 [INFO] IPUIPlugin:79 - create IPUIPlugin
2023-04-06 17:51:46,934 [INFO] IPUIPlugin:79 - create IPUIPlugin
2023-04-06 17:51:46,934 [INFO] IPUIPlugin:79 - create IPUIPlugin
2023-04-06 17:51:46,934 [INFO] IPUIPlugin:79 - create IPUIPlugin
2023-04-06 17:51:46,934 [INFO] IPUIPlugin:79 - create IPUIPlugin
2023-04-06 17:51:46,934 [INFO] IPUIPlugin:79 - create IPUIPlugin
2023-04-06 17:51:46,934 [INFO] IPUIPlugin:79 - create IPUIPlugin
2023-04-06 17:51:46,934 [INFO] IPUIPlugin:79 - create IPUIPlugin
2023-04-06 17:51:46,934 [INFO] IPUIPlugin:79 - create IPUIPlugin
2023-04-06 17:51:46,934 [INFO] IPUIPlugin:79 - create IPUIPlugin
2023-04-06 17:51:46,934 [INFO] IPUIPlugin:79 - create IPUIPlugin
2023-04-06 17:51:46,934 [INFO] IPUIPlugin:79 - create IPUIPlugin
2023-04-06 17:51:46,938 [INFO] IPUIPlugin:79 - create IPUIPlugin
2023-04-06 17:51:46,938 [INFO] IPUIPlugin:79 - create IPUIPlugin
2023-04-06 17:51:46,938 [INFO] IPUIPlugin:79 - create IPUIPlugin
2023-04-06 17:51:46,938 [INFO] IPUIPlugin:79 - create IPUIPlugin
2023-04-06 17:51:46,938 [INFO] IPUIPlugin:79 - create IPUIPlugin
2023-04-06 17:51:46,938 [INFO] IPUIPlugin:79 - create IPUIPlugin
2023-04-06 17:51:46,938 [INFO] IPUIPlugin:79 - create IPUIPlugin
2023-04-06 17:51:46,938 [INFO] IPUIPlugin:79 - create IPUIPlugin
2023-04-06 17:51:46,938 [INFO] IPUIPlugin:79 - create IPUIPlugin
2023-04-06 17:51:46,938 [INFO] IPUIPlugin:79 - create IPUIPlugin
2023-04-06 17:51:46,938 [INFO] IPUIPlugin:79 - create IPUIPlugin
2023-04-06 17:51:46,938 [INFO] IPUIPlugin:79 - create IPUIPlugin
2023-04-06 17:51:46,938 [INFO] IPUIPlugin:79 - create IPUIPlugin
2023-04-06 17:51:46,938 [INFO] IPUIPlugin:79 - create IPUIPlugin
2023-04-06 17:51:46,938 [INFO] IPUIPlugin:79 - create IPUIPlugin
2023-04-06 17:51:46,938 [INFO] IPUIPlugin:79 - create IPUIPlugin
2023-04-06 17:51:46,938 [INFO] IPUIPlugin:79 - create IPUIPlugin
2023-04-06 17:51:46,938 [INFO] IPUIPlugin:79 - create IPUIPlugin
2023-04-06 17:51:46,938 [INFO] IPUIPlugin:79 - create IPUIPlugin
2023-04-06 17:51:46,938 [INFO] IPUIPlugin:79 - create IPUIPlugin
2023-04-06 17:51:46,938 [INFO] IPUIPlugin:79 - create IPUIPlugin
2023-04-06 17:51:46,942 [INFO] IPUIPlugin:79 - create IPUIPlugin
2023-04-06 17:51:46,942 [INFO] IPUIPlugin:79 - create IPUIPlugin
2023-04-06 17:51:46,942 [INFO] IPUIPlugin:79 - create IPUIPlugin
2023-04-06 17:51:46,942 [INFO] IPUIPlugin:79 - create IPUIPlugin
2023-04-06 17:51:46,942 [INFO] IPUIPlugin:79 - create IPUIPlugin
2023-04-06 17:51:46,942 [INFO] IPUIPlugin:79 - create IPUIPlugin
2023-04-06 17:51:46,942 [INFO] IPUIPlugin:79 - create IPUIPlugin
2023-04-06 17:51:46,942 [INFO] IPUIPlugin:79 - create IPUIPlugin
2023-04-06 17:51:46,942 [INFO] IPUIPlugin:79 - create IPUIPlugin
2023-04-06 17:51:46,942 [INFO] IPUIPlugin:79 - create IPUIPlugin
2023-04-06 17:51:46,942 [INFO] IPUIPlugin:79 - create IPUIPlugin
2023-04-06 17:51:46,942 [INFO] IPUIPlugin:79 - create IPUIPlugin
2023-04-06 17:51:47,026 [INFO] ApiDbMcu:505 - Load IP Config File for PDM2PCM
2023-04-06 17:51:47,238 [INFO] CADModel:164 - CPN selected for project levelSTM32F446RET6
2023-04-06 17:51:47,238 [INFO] CADModel:113 - Register for checkConnection events
2023-04-06 17:51:47,310 [INFO] OpenFileManager:327 - Restore cursor
2023-04-06 17:52:00,913 [INFO] UtilMem:74 - End SaveConfig() Used Memory: 368048128 Bytes (615514112)
2023-04-06 17:52:01,639 [INFO] BlockDiagram:2759 - set Specific Code input for plugin: TIM6_7
2023-04-06 17:52:01,639 [INFO] BlockDiagram:2759 - set Specific Code input for plugin: TIM1_8
2023-04-06 17:52:01,639 [INFO] BlockDiagram:2759 - set Specific Code input for plugin: TIM1_8
2023-04-06 17:52:01,639 [INFO] BlockDiagram:2759 - set Specific Code input for plugin: TIM1_8
2023-04-06 17:52:01,639 [INFO] BlockDiagram:2759 - set Specific Code input for plugin: TIM1_8
2023-04-06 17:52:01,639 [INFO] BlockDiagram:2759 - set Specific Code input for plugin: SYS
2023-04-06 17:52:01,639 [INFO] BlockDiagram:2759 - set Specific Code input for plugin: RCC
2023-04-06 17:52:01,639 [INFO] BlockDiagram:2759 - set Specific Code input for plugin: NVIC
2023-04-06 17:52:01,639 [INFO] BlockDiagram:2759 - set Specific Code input for plugin: USART
2023-04-06 17:52:01,639 [INFO] BlockDiagram:2759 - set Specific Code input for plugin: DMA
2023-04-06 17:52:01,639 [INFO] BlockDiagram:2759 - set Specific Code input for plugin: GPIO
2023-04-06 17:52:01,639 [INFO] CodeGenerator:692 - code generatio: config db path: C:\Program Files (x86)\STM32CubeIDE_1.11.2\STM32CubeIDE\plugins\com.st.stm32cube.common.mx_6.7.0.202301130839\\db\
2023-04-06 17:52:02,123 [INFO] CodeEngine:247 - oldGeneratedFile, C:\Users\Elyes\EUROBOT_2023_GIT\MXTmpFiles\license.tmp_save
2023-04-06 17:52:02,507 [INFO] CodeEngine:271 - Generated code: C:\Users\Elyes\EUROBOT_2023_GIT\MXTmpFiles\license.tmp
2023-04-06 17:52:02,579 [INFO] CodeEngine:247 - oldGeneratedFile, C:\Users\Elyes\EUROBOT_2023_GIT\Src\gpio.c_save
2023-04-06 17:52:02,738 [INFO] CodeEngine:271 - Generated code: C:\Users\Elyes\EUROBOT_2023_GIT\Src\gpio.c
2023-04-06 17:52:02,747 [INFO] CodeEngine:247 - oldGeneratedFile, C:\Users\Elyes\EUROBOT_2023_GIT\Inc\gpio.h_save
2023-04-06 17:52:02,843 [INFO] CodeEngine:271 - Generated code: C:\Users\Elyes\EUROBOT_2023_GIT\Inc\gpio.h
2023-04-06 17:52:03,373 [INFO] CodeEngine:247 - oldGeneratedFile, C:\Users\Elyes\EUROBOT_2023_GIT\Src\dma.c_save
2023-04-06 17:52:03,461 [INFO] CodeEngine:271 - Generated code: C:\Users\Elyes\EUROBOT_2023_GIT\Src\dma.c
2023-04-06 17:52:03,473 [INFO] CodeEngine:247 - oldGeneratedFile, C:\Users\Elyes\EUROBOT_2023_GIT\Inc\dma.h_save
2023-04-06 17:52:03,557 [INFO] CodeEngine:271 - Generated code: C:\Users\Elyes\EUROBOT_2023_GIT\Inc\dma.h
2023-04-06 17:52:03,573 [INFO] CodeEngine:247 - oldGeneratedFile, C:\Users\Elyes\EUROBOT_2023_GIT\Src\tim.c_save
2023-04-06 17:52:03,817 [INFO] CodeEngine:271 - Generated code: C:\Users\Elyes\EUROBOT_2023_GIT\Src\tim.c
2023-04-06 17:52:03,842 [INFO] CodeEngine:247 - oldGeneratedFile, C:\Users\Elyes\EUROBOT_2023_GIT\Inc\tim.h_save
2023-04-06 17:52:03,917 [INFO] CodeEngine:271 - Generated code: C:\Users\Elyes\EUROBOT_2023_GIT\Inc\tim.h
2023-04-06 17:52:03,937 [INFO] CodeEngine:247 - oldGeneratedFile, C:\Users\Elyes\EUROBOT_2023_GIT\Src\usart.c_save
2023-04-06 17:52:04,037 [INFO] CodeEngine:271 - Generated code: C:\Users\Elyes\EUROBOT_2023_GIT\Src\usart.c
2023-04-06 17:52:04,041 [INFO] CodeEngine:247 - oldGeneratedFile, C:\Users\Elyes\EUROBOT_2023_GIT\Inc\usart.h_save
2023-04-06 17:52:04,157 [INFO] CodeEngine:271 - Generated code: C:\Users\Elyes\EUROBOT_2023_GIT\Inc\usart.h
2023-04-06 17:52:04,186 [INFO] CodeEngine:247 - oldGeneratedFile, C:\Users\Elyes\EUROBOT_2023_GIT\Src\stm32f4xx_it.c_save
2023-04-06 17:52:04,322 [INFO] CodeEngine:271 - Generated code: C:\Users\Elyes\EUROBOT_2023_GIT\Src\stm32f4xx_it.c
2023-04-06 17:52:04,330 [INFO] CodeEngine:247 - oldGeneratedFile, C:\Users\Elyes\EUROBOT_2023_GIT\Inc\stm32f4xx_it.h_save
2023-04-06 17:52:04,398 [INFO] CodeEngine:271 - Generated code: C:\Users\Elyes\EUROBOT_2023_GIT\Inc\stm32f4xx_it.h
2023-04-06 17:52:04,418 [INFO] CodeEngine:247 - oldGeneratedFile, C:\Users\Elyes\EUROBOT_2023_GIT\Src\stm32f4xx_hal_msp.c_save
2023-04-06 17:52:04,506 [INFO] CodeEngine:271 - Generated code: C:\Users\Elyes\EUROBOT_2023_GIT\Src\stm32f4xx_hal_msp.c
2023-04-06 17:52:04,514 [INFO] CodeEngine:247 - oldGeneratedFile, C:\Users\Elyes\EUROBOT_2023_GIT\MXTmpFiles\system.tmp_save
2023-04-06 17:52:04,562 [INFO] CodeEngine:271 - Generated code: C:\Users\Elyes\EUROBOT_2023_GIT\MXTmpFiles\system.tmp
2023-04-06 17:52:04,581 [INFO] CodeEngine:303 - oldGeneratedFile, C:\Users\Elyes\EUROBOT_2023_GIT\Inc\stm32f4xx_hal_conf.h_save
2023-04-06 17:52:04,649 [INFO] CodeEngine:327 - Generated code: C:\Users\Elyes\EUROBOT_2023_GIT\Inc\stm32f4xx_hal_conf.h
2023-04-06 17:52:04,697 [WARN] IPConfigManager:2928 - Warning: the RefConfig PLL2P_FOR_MCO is not available in your config.xml file
2023-04-06 17:52:04,724 [INFO] CodeEngine:247 - oldGeneratedFile, C:\Users\Elyes\EUROBOT_2023_GIT\Inc\main.h_save
2023-04-06 17:52:04,812 [INFO] CodeEngine:271 - Generated code: C:\Users\Elyes\EUROBOT_2023_GIT\Inc\main.h
2023-04-06 17:52:04,828 [INFO] CodeEngine:247 - oldGeneratedFile, C:\Users\Elyes\EUROBOT_2023_GIT\Src\main.c_save
2023-04-06 17:52:04,995 [INFO] CodeEngine:271 - Generated code: C:\Users\Elyes\EUROBOT_2023_GIT\Src\main.c
2023-04-06 17:52:05,437 [INFO] ProjectBuilder:2919 - Time for Copy HAL[2] : 0mS.
2023-04-06 17:52:05,462 [INFO] ProjectBuilder:4183 - Project Generator version: 3.18.0-B7
2023-04-06 17:52:05,674 [INFO] ConfigFileManager:1396 - The Die is : DIE421
2023-04-06 17:52:05,694 [INFO] ApiDbMcu:505 - Load IP Config File for FATFS
2023-04-06 17:52:05,706 [INFO] ApiDbMcu:505 - Load IP Config File for FREERTOS
2023-04-06 17:52:05,714 [INFO] ApiDbMcu:505 - Load IP Config File for LIBJPEG
2023-04-06 17:52:05,722 [INFO] ApiDbMcu:505 - Load IP Config File for MBEDTLS
2023-04-06 17:52:05,734 [INFO] ApiDbMcu:505 - Load IP Config File for USB_DEVICE
2023-04-06 17:52:05,742 [INFO] ApiDbMcu:505 - Load IP Config File for USB_HOST
2023-04-06 17:52:08,656 [INFO] ProjectBuilder:4351 - Time for Generating toolchain IDE Files: 3194mS.
2023-04-06 17:52:08,656 [INFO] ProjectBuilder:2790 - Time for Copy CMSIS : 0mS.
2023-04-06 17:52:08,660 [INFO] ProjectBuilder:2790 - Time for Copy CMSIS : 0mS.
2023-04-06 17:52:27,185 [ERROR] ConfigurationRetriever:140 - IOException on connection: citools.st.com
2023-04-06 17:52:27,189 [ERROR] ConfigurationRetriever:140 - IOException on connection: citools.st.com
2023-04-06 17:52:27,189 [ERROR] ConfigurationRetriever:140 - IOException on connection: citools.st.com
2023-04-06 17:52:27,221 [ERROR] ConfigurationRetriever:140 - IOException on connection: citools.st.com
2023-04-06 17:52:27,221 [ERROR] ConfigurationRetriever:140 - IOException on connection: citools.st.com
2023-04-06 17:52:27,221 [ERROR] ConfigurationRetriever:140 - IOException on connection: citools.st.com
2023-04-06 17:52:58,196 [ERROR] ConfigurationRetriever:140 - IOException on connection: citools.st.com
2023-04-06 17:52:58,196 [ERROR] ConfigurationRetriever:140 - IOException on connection: citools.st.com
2023-04-06 17:52:58,196 [ERROR] ConfigurationRetriever:140 - IOException on connection: citools.st.com
2023-04-06 21:04:58,114 [ERROR] ConfigurationRetriever:140 - IOException on connection: citools.st.com
2023-04-06 21:04:58,114 [ERROR] ConfigurationRetriever:140 - IOException on connection: citools.st.com
2023-04-06 21:04:58,114 [ERROR] ConfigurationRetriever:140 - IOException on connection: citools.st.com
2023-04-06 21:04:58,608 [INFO] JxBrowserEngine:114 - Initiate JxBrowser Engine with user profile folder
2023-04-06 21:05:00,925 [INFO] WebAppUi:459 - Close the Jxbrowser engine manually
2023-04-06 21:05:00,949 [INFO] WebAppUi:462 - Profiles folder deleted
2023-04-06 21:05:01,360 [ERROR] LogOutputStream:74 - [STDERR_REDIRECT] 
2023-04-13 00:06:16,236 [INFO] Activator:179 - 


2023-04-13 00:06:16,248 [INFO] Activator:180 - !SESSION log4j initialized
2023-04-13 00:06:35,354 [ERROR] ConfigurationRetriever:140 - IOException on connection: citools.st.com
2023-04-13 00:06:35,358 [ERROR] ConfigurationRetriever:140 - IOException on connection: citools.st.com
2023-04-13 00:06:35,358 [ERROR] ConfigurationRetriever:140 - IOException on connection: citools.st.com
2023-04-13 00:06:57,209 [ERROR] LogOutputStream:74 - [STDERR_REDIRECT] SLF4J: Failed to load class "org.slf4j.impl.StaticLoggerBinder".
2023-04-13 00:06:57,209 [ERROR] LogOutputStream:74 - [STDERR_REDIRECT] SLF4J: Defaulting to no-operation (NOP) logger implementation
2023-04-13 00:06:57,209 [ERROR] LogOutputStream:74 - [STDERR_REDIRECT] SLF4J: See http://www.slf4j.org/codes.html#StaticLoggerBinder for further details.
2023-04-14 16:36:07,242 [INFO] Activator:179 - 


2023-04-14 16:36:07,246 [INFO] Activator:180 - !SESSION log4j initialized
2023-04-14 16:36:26,242 [ERROR] ConfigurationRetriever:140 - IOException on connection: citools.st.com
2023-04-14 16:36:26,242 [ERROR] ConfigurationRetriever:140 - IOException on connection: citools.st.com
2023-04-14 16:36:26,242 [ERROR] ConfigurationRetriever:140 - IOException on connection: citools.st.com
2023-04-14 16:36:48,151 [ERROR] LogOutputStream:74 - [STDERR_REDIRECT] SLF4J: Failed to load class "org.slf4j.impl.StaticLoggerBinder".
2023-04-14 16:36:48,151 [ERROR] LogOutputStream:74 - [STDERR_REDIRECT] SLF4J: Defaulting to no-operation (NOP) logger implementation
2023-04-14 16:36:48,151 [ERROR] LogOutputStream:74 - [STDERR_REDIRECT] SLF4J: See http://www.slf4j.org/codes.html#StaticLoggerBinder for further details.
2023-04-14 16:40:06,158 [ERROR] ConfigurationRetriever:140 - IOException on connection: citools.st.com
2023-04-14 16:40:06,158 [ERROR] ConfigurationRetriever:140 - IOException on connection: citools.st.com
2023-04-14 16:40:06,158 [ERROR] ConfigurationRetriever:140 - IOException on connection: citools.st.com
2023-04-14 16:40:41,260 [ERROR] LogOutputStream:74 - [STDERR_REDIRECT] Managed Build system manifest file error: Option com.st.stm32cube.ide.mcu.debug.option.cpuclock.885354994 uses a null category that is invalid in its context. The option was ignored.
2023-04-14 16:40:41,288 [ERROR] LogOutputStream:74 - [STDERR_REDIRECT] Managed Build system manifest file error: Option com.st.stm32cube.ide.mcu.debug.option.cpuclock.1791597586 uses a null category that is invalid in its context. The option was ignored.
2023-04-14 16:40:42,488 [ERROR] ConfigurationRetriever:140 - IOException on connection: citools.st.com
2023-04-14 16:40:42,492 [ERROR] ConfigurationRetriever:140 - IOException on connection: citools.st.com
2023-04-14 16:40:42,492 [ERROR] ConfigurationRetriever:140 - IOException on connection: citools.st.com
2023-04-15 20:46:25,001 [ERROR] ConfigurationRetriever:140 - IOException on connection: citools.st.com
2023-04-15 20:46:25,005 [ERROR] ConfigurationRetriever:140 - IOException on connection: citools.st.com
2023-04-15 20:46:25,005 [ERROR] ConfigurationRetriever:140 - IOException on connection: citools.st.com
